\BOOKMARK [0][-]{chapter.3}{\376\377\000E\000i\000n\000f\000\374\000h\000r\000u\000n\000g}{}% 1
\BOOKMARK [0][-]{chapter.4}{\376\377\000Z\000e\000i\000t\000p\000l\000a\000n}{}% 2
\BOOKMARK [0][-]{chapter.5}{\376\377\000R\000e\000c\000h\000e\000r\000c\000h\000e}{}% 3
\BOOKMARK [1][-]{section.6}{\376\377\000A\000l\000l\000g\000e\000m\000e\000i\000n\000e\000s}{chapter.5}% 4
\BOOKMARK [1][-]{section.7}{\376\377\000A\000R\000I\000A\000\040\000A\000u\000t\000h\000o\000r\000i\000n\000g\000\040\000P\000r\000a\000c\000t\000i\000c\000e\000s\000\040\000G\000u\000i\000d\000e\000\040\000\050\000A\000P\000G\000\051}{chapter.5}% 5
\BOOKMARK [2][-]{subsection.8}{\376\377\000P\000a\000t\000t\000e\000r\000n\000s}{section.7}% 6
\BOOKMARK [2][-]{subsection.9}{\376\377\000L\000a\000n\000d\000m\000a\000r\000k\000\040\000R\000e\000g\000i\000o\000n\000s}{section.7}% 7
\BOOKMARK [2][-]{subsection.10}{\376\377\000A\000c\000c\000e\000s\000s\000i\000b\000l\000e\000\040\000N\000a\000m\000e\000s\000\040\000a\000n\000d\000\040\000D\000e\000s\000c\000r\000i\000p\000t\000i\000o\000n\000s}{section.7}% 8
\BOOKMARK [2][-]{subsection.11}{\376\377\000K\000e\000y\000b\000o\000a\000r\000d\000\040\000I\000n\000t\000e\000r\000f\000a\000c\000e}{section.7}% 9
\BOOKMARK [1][-]{section.12}{\376\377\000T\000o\000o\000l\000s\000\040\000z\000u\000r\000\040\000A\000n\000a\000l\000y\000s\000e}{chapter.5}% 10
\BOOKMARK [1][-]{section.13}{\376\377\000S\000t\000o\000r\000y\000o\000o\000k}{chapter.5}% 11
\BOOKMARK [1][-]{section.14}{\376\377\000A\000n\000g\000u\000l\000a\000r}{chapter.5}% 12
\BOOKMARK [2][-]{subsection.15}{\376\377\000M\000a\000t\000e\000r\000i\000a\000l\000\040\000U\000I}{section.14}% 13
\BOOKMARK [2][-]{subsection.16}{\376\377\000G\000o\000o\000g\000l\000e\000\040\000C\000o\000d\000e\000l\000a\000b\000\040\000-\000\040\000A\000n\000g\000u\000l\000a\000r\000\040\000a\0001\0001\000y}{section.14}% 14
\BOOKMARK [1][-]{section.17}{\376\377\000R\000e\000a\000c\000t}{chapter.5}% 15
\BOOKMARK [2][-]{subsection.18}{\376\377\000R\000e\000a\000c\000t\000-\000A\000r\000i\000a}{section.17}% 16
\BOOKMARK [2][-]{subsection.19}{\376\377\000H\000e\000a\000d\000l\000e\000s\000s\000U\000I}{section.17}% 17
\BOOKMARK [2][-]{subsection.20}{\376\377\000R\000a\000d\000i\000x}{section.17}% 18
\BOOKMARK [0][-]{chapter.21}{\376\377\000A\000c\000c\000e\000s\000s\000i\000b\000i\000l\000i\000t\000y\000\040\000T\000o\000o\000l\000s}{}% 19
\BOOKMARK [1][-]{section.22}{\376\377\000L\000i\000g\000h\000t\000h\000o\000u\000s\000e}{chapter.21}% 20
\BOOKMARK [1][-]{section.23}{\376\377\000I\000B\000M\000\040\000E\000q\000u\000a\000l\000\040\000A\000c\000c\000e\000s\000s\000\040\000A\000c\000c\000e\000s\000s\000i\000b\000i\000l\000i\000t\000y\000\040\000C\000h\000e\000c\000k\000e\000r}{chapter.21}% 21
\BOOKMARK [1][-]{section.24}{\376\377\000W\000A\000V\000E}{chapter.21}% 22
\BOOKMARK [1][-]{section.25}{\376\377\000A\000x\000e}{chapter.21}% 23
\BOOKMARK [1][-]{section.26}{\376\377\000J\000A\000W\000S}{chapter.21}% 24
\BOOKMARK [1][-]{section.27}{\376\377\000N\000V\000D\000A}{chapter.21}% 25
\BOOKMARK [0][-]{chapter.28}{\376\377\000T\000u\000r\000b\000o\000m\000e\000e\000t}{}% 26
\BOOKMARK [1][-]{section.29}{\376\377\000T\000e\000c\000h\000n\000o\000l\000o\000g\000i\000e\000n}{chapter.28}% 27
\BOOKMARK [2][-]{subsection.30}{\376\377\000N\000e\000x\000t\000.\000j\000s}{section.29}% 28
\BOOKMARK [2][-]{subsection.31}{\376\377\000T\000y\000p\000e\000S\000c\000r\000i\000p\000t}{section.29}% 29
\BOOKMARK [2][-]{subsection.32}{\376\377\000t\000R\000P\000C}{section.29}% 30
\BOOKMARK [2][-]{subsection.33}{\376\377\000T\000a\000i\000l\000w\000i\000n\000d\000C\000S\000S}{section.29}% 31
\BOOKMARK [2][-]{subsection.34}{\376\377\000P\000r\000i\000s\000m\000a}{section.29}% 32
\BOOKMARK [2][-]{subsection.35}{\376\377\000N\000e\000x\000t\000A\000u\000t\000h\000.\000j\000s}{section.29}% 33
\BOOKMARK [2][-]{subsection.36}{\376\377\000R\000a\000d\000i\000x\000\040\000U\000I}{section.29}% 34
\BOOKMARK [2][-]{subsection.38}{\376\377\000C\000m\000d\000K}{section.29}% 35
\BOOKMARK [1][-]{section.40}{\376\377\000A\000n\000a\000l\000y\000s\000e}{chapter.28}% 36
\BOOKMARK [2][-]{subsection.41}{\376\377\000L\000i\000g\000h\000t\000h\000o\000u\000s\000e}{section.40}% 37
\BOOKMARK [1][-]{section.44}{\376\377\000A\000c\000c\000e\000s\000s\000a\000b\000i\000l\000i\000t\000y\000\040\000A\000n\000p\000a\000s\000s\000u\000n\000g\000e\000n}{chapter.28}% 38
\BOOKMARK [2][-]{subsection.45}{\376\377\000F\000e\000h\000l\000e\000n\000d\000e\000\040\000L\000i\000n\000k\000\040\000B\000e\000s\000c\000h\000r\000e\000i\000b\000u\000n\000g\000e\000n}{section.44}% 39
\BOOKMARK [2][-]{subsection.53}{\376\377\000F\000a\000r\000b\000k\000o\000n\000t\000r\000a\000s\000t\000e}{section.44}% 40
\BOOKMARK [0][-]{chapter.54}{\376\377\000F\000a\000z\000i\000t}{}% 41
\BOOKMARK [0][-]{appendix.55}{\376\377\000A\000b\000b\000i\000l\000d\000u\000n\000g\000e\000n}{}% 42
\BOOKMARK [0][-]{appendix.60}{\376\377\000Q\000u\000e\000l\000l\000c\000o\000d\000e}{}% 43
\BOOKMARK [0][-]{appendix*.101}{\376\377\000L\000i\000t\000e\000r\000a\000t\000u\000r}{}% 44
